[debug] [2020-06-10T14:57:28.158Z] ----------------------------------------------------------------------
[debug] [2020-06-10T14:57:28.159Z] Command:       D:\Ben\benjamin.sebag\Apps\NodeJs\node.exe C:\Users\david\AppData\Roaming\npm\node_modules\firebase-tools\lib\bin\firebase.js deploy
[debug] [2020-06-10T14:57:28.160Z] CLI Version:   8.4.2
[debug] [2020-06-10T14:57:28.160Z] Platform:      win32
[debug] [2020-06-10T14:57:28.160Z] Node Version:  v12.16.3
[debug] [2020-06-10T14:57:28.223Z] Time:          Wed Jun 10 2020 17:57:28 GMT+0300 (GMT+03:00)
[debug] [2020-06-10T14:57:28.224Z] ----------------------------------------------------------------------
[debug] [2020-06-10T14:57:28.224Z] 
[debug] [2020-06-10T14:57:28.242Z] > command requires scopes: ["email","openid","https://www.googleapis.com/auth/cloudplatformprojects.readonly","https://www.googleapis.com/auth/firebase","https://www.googleapis.com/auth/cloud-platform"]
[debug] [2020-06-10T14:57:28.243Z] > authorizing via signed-in user
[debug] [2020-06-10T14:57:28.243Z] [iam] checking project prelevement-d6389 for permissions ["cloudfunctions.functions.create","cloudfunctions.functions.delete","cloudfunctions.functions.get","cloudfunctions.functions.list","cloudfunctions.functions.update","cloudfunctions.operations.get","firebase.projects.get","firebasedatabase.instances.update","firebasehosting.sites.update"]
[debug] [2020-06-10T14:57:28.246Z] > refreshing access token with scopes: ["email","https://www.googleapis.com/auth/cloud-platform","https://www.googleapis.com/auth/cloudplatformprojects.readonly","https://www.googleapis.com/auth/firebase","openid"]
[debug] [2020-06-10T14:57:28.247Z] >>> HTTP REQUEST POST https://www.googleapis.com/oauth2/v3/token  
 <request body omitted>
[debug] [2020-06-10T14:57:28.486Z] <<< HTTP RESPONSE 200 {"content-type":"application/json; charset=utf-8","vary":"X-Origin, Referer, Origin,Accept-Encoding","date":"Wed, 10 Jun 2020 14:57:27 GMT","server":"scaffolding on HTTPServer2","cache-control":"private","x-xss-protection":"0","x-frame-options":"SAMEORIGIN","x-content-type-options":"nosniff","alt-svc":"h3-27=\":443\"; ma=2592000,h3-25=\":443\"; ma=2592000,h3-T050=\":443\"; ma=2592000,h3-Q050=\":443\"; ma=2592000,h3-Q049=\":443\"; ma=2592000,h3-Q048=\":443\"; ma=2592000,h3-Q046=\":443\"; ma=2592000,h3-Q043=\":443\"; ma=2592000,quic=\":443\"; ma=2592000; v=\"46,43\"","accept-ranges":"none","transfer-encoding":"chunked"}
[debug] [2020-06-10T14:57:28.493Z] >>> HTTP REQUEST POST https://cloudresourcemanager.googleapis.com/v1/projects/prelevement-d6389:testIamPermissions  
 {"permissions":["cloudfunctions.functions.create","cloudfunctions.functions.delete","cloudfunctions.functions.get","cloudfunctions.functions.list","cloudfunctions.functions.update","cloudfunctions.operations.get","firebase.projects.get","firebasedatabase.instances.update","firebasehosting.sites.update"]}
[debug] [2020-06-10T14:57:29.031Z] <<< HTTP RESPONSE 200 {"content-type":"application/json; charset=UTF-8","vary":"X-Origin, Referer, Origin,Accept-Encoding","date":"Wed, 10 Jun 2020 14:57:28 GMT","server":"ESF","cache-control":"private","x-xss-protection":"0","x-frame-options":"SAMEORIGIN","x-content-type-options":"nosniff","server-timing":"gfet4t7; dur=284","alt-svc":"h3-27=\":443\"; ma=2592000,h3-25=\":443\"; ma=2592000,h3-T050=\":443\"; ma=2592000,h3-Q050=\":443\"; ma=2592000,h3-Q049=\":443\"; ma=2592000,h3-Q048=\":443\"; ma=2592000,h3-Q046=\":443\"; ma=2592000,h3-Q043=\":443\"; ma=2592000,quic=\":443\"; ma=2592000; v=\"46,43\"","accept-ranges":"none","transfer-encoding":"chunked"}
[debug] [2020-06-10T14:57:29.032Z] >>> HTTP REQUEST POST https://iam.googleapis.com/v1/projects/prelevement-d6389/serviceAccounts/prelevement-d6389@appspot.gserviceaccount.com:testIamPermissions  
 {"permissions":["iam.serviceAccounts.actAs"]}
[debug] [2020-06-10T14:57:29.410Z] <<< HTTP RESPONSE 200 {"content-type":"application/json; charset=UTF-8","vary":"X-Origin, Referer, Origin,Accept-Encoding","date":"Wed, 10 Jun 2020 14:57:28 GMT","server":"ESF","cache-control":"private","x-xss-protection":"0","x-frame-options":"SAMEORIGIN","x-content-type-options":"nosniff","alt-svc":"h3-27=\":443\"; ma=2592000,h3-25=\":443\"; ma=2592000,h3-T050=\":443\"; ma=2592000,h3-Q050=\":443\"; ma=2592000,h3-Q049=\":443\"; ma=2592000,h3-Q048=\":443\"; ma=2592000,h3-Q046=\":443\"; ma=2592000,h3-Q043=\":443\"; ma=2592000,quic=\":443\"; ma=2592000; v=\"46,43\"","accept-ranges":"none","transfer-encoding":"chunked"}
[debug] [2020-06-10T14:57:29.412Z] >>> HTTP REQUEST GET https://firebase.googleapis.com/v1beta1/projects/prelevement-d6389  
 
[debug] [2020-06-10T14:57:29.809Z] <<< HTTP RESPONSE 200 {"content-type":"application/json; charset=UTF-8","vary":"X-Origin, Referer, Origin,Accept-Encoding","date":"Wed, 10 Jun 2020 14:57:29 GMT","server":"ESF","cache-control":"private","x-xss-protection":"0","x-frame-options":"SAMEORIGIN","x-content-type-options":"nosniff","alt-svc":"h3-27=\":443\"; ma=2592000,h3-25=\":443\"; ma=2592000,h3-T050=\":443\"; ma=2592000,h3-Q050=\":443\"; ma=2592000,h3-Q049=\":443\"; ma=2592000,h3-Q048=\":443\"; ma=2592000,h3-Q046=\":443\"; ma=2592000,h3-Q043=\":443\"; ma=2592000,quic=\":443\"; ma=2592000; v=\"46,43\"","accept-ranges":"none","transfer-encoding":"chunked"}
[warn] !  functions: package.json indicates an outdated version of firebase-functions.
Please upgrade using npm install --save firebase-functions@latest in your functions directory. 
[info] 
[info] === Deploying to 'prelevement-d6389'...
[info] 
[info] i  deploying database, functions, hosting 
[info] Running command: npm --prefix "$RESOURCE_DIR" run lint
[info] Running command: npm --prefix "$RESOURCE_DIR" run build
[info] +  functions: Finished running predeploy script. 
[info] i  database: checking rules syntax... 
[debug] [2020-06-10T14:58:01.847Z] >>> HTTP REQUEST PUT https://prelevement-d6389.firebaseio.com/.settings/rules.json?dryRun=true  
 {
  "rules": {
	 "consumed": {
      	".write": true,
        "$index": {
      	".validate": "newData.hasChildren(['date', 'montant', 'utilisations'])",
      	"date": {
        	".validate": "newData.isNumber()"
      	},
        "montant": {
        	".validate": "newData.isNumber()"
      	},
        "utilisations": {
          ".validate": "newData.isNumber() && newData.val() === 0"
      	},
      	"$other": {
        	".validate": false
      	}
    	}
    },
    "pieces": {
      	".write": true,
        "$index": {
      	".validate": "newData.hasChildren(['date', 'montant', 'utilisations'])",
      	"date": {
        	".validate": "newData.isNumber()"
      	},
        "montant": {
        	".validate": "newData.isNumber()"
      	},
        "utilisations": {
          ".validate": "newData.isNumber() && newData.val() > 0"
      	},
      	"$other": {
        	".validate": false
      	}
    	}
    },
    "posts": {
      ".write": true,
      "$index": {
      	".validate": "newData.hasChildren(['date', 'comment', 'name', 'pieceId'])",
      	"date": {
        	".validate": "newData.isNumber()"
      	},
      	"name": {
        	".validate": "newData.isString()"
      	},
        "comment": {
        	".validate": "newData.isString()"
      	},
        "pieceId": {
        	".validate": "newData.isNumber()"
      	},
      	"$other": {
        	".validate": false
      	}
    	}
  	},
    ".read": true
  }
}
